{"/Users/maglja/src/graphite-promise/src/carbon.ts": {"path":"/Users/maglja/src/graphite-promise/src/carbon.ts","statementMap":{"0":{"start":{"line":1,"column":0},"end":{"line":1,"column":27}},"1":{"start":{"line":2,"column":0},"end":{"line":2,"column":27}},"2":{"start":{"line":13,"column":4},"end":{"line":13,"column":26}},"3":{"start":{"line":14,"column":4},"end":{"line":14,"column":92}},"4":{"start":{"line":18,"column":19},"end":{"line":18,"column":39}},"5":{"start":{"line":19,"column":4},"end":{"line":19,"column":80}},"6":{"start":{"line":19,"column":66},"end":{"line":19,"column":78}},"7":{"start":{"line":20,"column":4},"end":{"line":20,"column":19}},"8":{"start":{"line":24,"column":4},"end":{"line":26,"column":null}},"9":{"start":{"line":25,"column":6},"end":{"line":25,"column":25}},"10":{"start":{"line":27,"column":16},"end":{"line":27,"column":35}},"11":{"start":{"line":28,"column":17},"end":{"line":28,"column":44}},"12":{"start":{"line":29,"column":17},"end":{"line":29,"column":57}},"13":{"start":{"line":30,"column":20},"end":{"line":30,"column":24}},"14":{"start":{"line":31,"column":19},"end":{"line":31,"column":35}},"15":{"start":{"line":33,"column":4},"end":{"line":36,"column":7}},"16":{"start":{"line":34,"column":6},"end":{"line":34,"column":23}},"17":{"start":{"line":35,"column":6},"end":{"line":35,"column":41}},"18":{"start":{"line":38,"column":4},"end":{"line":41,"column":7}},"19":{"start":{"line":39,"column":6},"end":{"line":39,"column":23}},"20":{"start":{"line":40,"column":6},"end":{"line":40,"column":17}},"21":{"start":{"line":43,"column":4},"end":{"line":47,"column":7}},"22":{"start":{"line":44,"column":6},"end":{"line":46,"column":null}},"23":{"start":{"line":45,"column":8},"end":{"line":45,"column":19}},"24":{"start":{"line":49,"column":4},"end":{"line":49,"column":23}},"25":{"start":{"line":53,"column":4},"end":{"line":55,"column":null}},"26":{"start":{"line":54,"column":6},"end":{"line":54,"column":24}},"27":{"start":{"line":5,"column":0},"end":{"line":5,"column":13}}},"fnMap":{"0":{"name":"(anonymous_13)","decl":{"start":{"line":12,"column":2},"end":{"line":12,"column":14}},"loc":{"start":{"line":12,"column":28},"end":{"line":15,"column":3}}},"1":{"name":"(anonymous_14)","decl":{"start":{"line":17,"column":15},"end":{"line":17,"column":20}},"loc":{"start":{"line":17,"column":36},"end":{"line":21,"column":4}}},"2":{"name":"(anonymous_16)","decl":{"start":{"line":19,"column":60},"end":{"line":19,"column":63}},"loc":{"start":{"line":19,"column":66},"end":{"line":19,"column":78}}},"3":{"name":"(anonymous_17)","decl":{"start":{"line":23,"column":16},"end":{"line":23,"column":23}},"loc":{"start":{"line":23,"column":23},"end":{"line":50,"column":4}}},"4":{"name":"(anonymous_19)","decl":{"start":{"line":33,"column":31},"end":{"line":33,"column":34}},"loc":{"start":{"line":33,"column":36},"end":{"line":36,"column":5}}},"5":{"name":"(anonymous_20)","decl":{"start":{"line":38,"column":23},"end":{"line":38,"column":24}},"loc":{"start":{"line":38,"column":38},"end":{"line":41,"column":5}}},"6":{"name":"(anonymous_21)","decl":{"start":{"line":43,"column":45},"end":{"line":43,"column":46}},"loc":{"start":{"line":43,"column":61},"end":{"line":47,"column":5}}},"7":{"name":"(anonymous_22)","decl":{"start":{"line":52,"column":15},"end":{"line":52,"column":18}},"loc":{"start":{"line":52,"column":18},"end":{"line":56,"column":4}}}},"branchMap":{"0":{"loc":{"start":{"line":14,"column":29},"end":{"line":14,"column":91}},"type":"cond-expr","locations":[{"start":{"line":14,"column":56},"end":{"line":14,"column":86}},{"start":{"line":14,"column":89},"end":{"line":14,"column":91}}]},"1":{"loc":{"start":{"line":24,"column":4},"end":{"line":26,"column":null}},"type":"if","locations":[{"start":{"line":24,"column":4},"end":{"line":26,"column":null}}]},"2":{"loc":{"start":{"line":24,"column":8},"end":{"line":24,"column":45}},"type":"binary-expr","locations":[{"start":{"line":24,"column":8},"end":{"line":24,"column":19}},{"start":{"line":24,"column":23},"end":{"line":24,"column":45}}]},"3":{"loc":{"start":{"line":28,"column":17},"end":{"line":28,"column":44}},"type":"binary-expr","locations":[{"start":{"line":28,"column":17},"end":{"line":28,"column":29}},{"start":{"line":28,"column":33},"end":{"line":28,"column":44}}]},"4":{"loc":{"start":{"line":29,"column":17},"end":{"line":29,"column":57}},"type":"cond-expr","locations":[{"start":{"line":29,"column":28},"end":{"line":29,"column":50}},{"start":{"line":29,"column":53},"end":{"line":29,"column":57}}]},"5":{"loc":{"start":{"line":44,"column":6},"end":{"line":46,"column":null}},"type":"if","locations":[{"start":{"line":44,"column":6},"end":{"line":46,"column":null}}]},"6":{"loc":{"start":{"line":53,"column":4},"end":{"line":55,"column":null}},"type":"if","locations":[{"start":{"line":53,"column":4},"end":{"line":55,"column":null}}]}},"s":{"0":3,"1":3,"2":7,"3":7,"4":3,"5":3,"6":0,"7":2,"8":3,"9":3,"10":0,"11":0,"12":0,"13":0,"14":0,"15":0,"16":0,"17":0,"18":0,"19":0,"20":0,"21":0,"22":0,"23":0,"24":0,"25":1,"26":0,"27":3},"f":{"0":7,"1":3,"2":0,"3":3,"4":0,"5":0,"6":0,"7":1},"b":{"0":[2,5],"1":[3],"2":[3,3],"3":[0,0],"4":[0,0],"5":[0],"6":[0]}}
,"/Users/maglja/src/graphite-promise/src/graphite.ts": {"path":"/Users/maglja/src/graphite-promise/src/graphite.ts","statementMap":{"0":{"start":{"line":1,"column":0},"end":{"line":1,"column":40}},"1":{"start":{"line":2,"column":0},"end":{"line":2,"column":30}},"2":{"start":{"line":9,"column":4},"end":{"line":9,"column":49}},"3":{"start":{"line":20,"column":24},"end":{"line":20,"column":47}},"4":{"start":{"line":21,"column":15},"end":{"line":21,"column":59}},"5":{"start":{"line":22,"column":18},"end":{"line":22,"column":20}},"6":{"start":{"line":23,"column":4},"end":{"line":28,"column":null}},"7":{"start":{"line":24,"column":6},"end":{"line":27,"column":null}},"8":{"start":{"line":25,"column":22},"end":{"line":25,"column":39}},"9":{"start":{"line":26,"column":8},"end":{"line":26,"column":47}},"10":{"start":{"line":29,"column":4},"end":{"line":29,"column":49}},"11":{"start":{"line":33,"column":4},"end":{"line":33,"column":35}},"12":{"start":{"line":5,"column":0},"end":{"line":5,"column":13}}},"fnMap":{"0":{"name":"(anonymous_1)","decl":{"start":{"line":8,"column":2},"end":{"line":8,"column":14}},"loc":{"start":{"line":8,"column":28},"end":{"line":10,"column":3}}},"1":{"name":"(anonymous_2)","decl":{"start":{"line":19,"column":9},"end":{"line":19,"column":14}},"loc":{"start":{"line":19,"column":63},"end":{"line":30,"column":3}}},"2":{"name":"(anonymous_3)","decl":{"start":{"line":32,"column":9},"end":{"line":32,"column":12}},"loc":{"start":{"line":32,"column":12},"end":{"line":34,"column":3}}}},"branchMap":{"0":{"loc":{"start":{"line":21,"column":27},"end":{"line":21,"column":50}},"type":"binary-expr","locations":[{"start":{"line":21,"column":27},"end":{"line":21,"column":36}},{"start":{"line":21,"column":40},"end":{"line":21,"column":50}}]},"1":{"loc":{"start":{"line":24,"column":6},"end":{"line":27,"column":null}},"type":"if","locations":[{"start":{"line":24,"column":6},"end":{"line":27,"column":null}}]}},"s":{"0":2,"1":2,"2":4,"3":1,"4":1,"5":1,"6":1,"7":1,"8":1,"9":1,"10":1,"11":1,"12":2},"f":{"0":4,"1":1,"2":1},"b":{"0":[1,0],"1":[1]}}
,"/Users/maglja/src/graphite-promise/src/index.d.ts": {"path":"/Users/maglja/src/graphite-promise/src/index.d.ts","statementMap":{},"fnMap":{},"branchMap":{},"s":{},"f":{},"b":{},"inputSourceMap":null}
,"/Users/maglja/src/graphite-promise/src/index.ts": {"path":"/Users/maglja/src/graphite-promise/src/index.ts","statementMap":{"0":{"start":{"line":1,"column":0},"end":{"line":1,"column":9}},"1":{"start":{"line":1,"column":9},"end":{"line":1,"column":44}},"2":{"start":{"line":2,"column":0},"end":{"line":2,"column":9}},"3":{"start":{"line":2,"column":9},"end":{"line":2,"column":40}},"4":{"start":{"line":3,"column":0},"end":{"line":3,"column":9}},"5":{"start":{"line":3,"column":9},"end":{"line":3,"column":26}}},"fnMap":{"0":{"name":"(anonymous_1)","decl":{"start":{"line":1,"column":9},"end":{"line":1,"column":23}},"loc":{"start":{"line":1,"column":9},"end":{"line":1,"column":44}}},"1":{"name":"(anonymous_2)","decl":{"start":{"line":2,"column":9},"end":{"line":2,"column":21}},"loc":{"start":{"line":2,"column":9},"end":{"line":2,"column":40}}},"2":{"name":"(anonymous_3)","decl":{"start":{"line":3,"column":9},"end":{"line":3,"column":16}},"loc":{"start":{"line":3,"column":9},"end":{"line":3,"column":26}}}},"branchMap":{},"s":{"0":1,"1":1,"2":1,"3":1,"4":1,"5":6},"f":{"0":0,"1":0,"2":5},"b":{}}
,"/Users/maglja/src/graphite-promise/src/metric.ts": {"path":"/Users/maglja/src/graphite-promise/src/metric.ts","statementMap":{"0":{"start":{"line":1,"column":0},"end":{"line":1,"column":null}},"1":{"start":{"line":2,"column":15},"end":{"line":14,"column":null}},"2":{"start":{"line":3,"column":4},"end":{"line":12,"column":null}},"3":{"start":{"line":4,"column":6},"end":{"line":11,"column":null}},"4":{"start":{"line":5,"column":22},"end":{"line":5,"column":30}},"5":{"start":{"line":6,"column":8},"end":{"line":10,"column":null}},"6":{"start":{"line":7,"column":10},"end":{"line":7,"column":51}},"7":{"start":{"line":9,"column":10},"end":{"line":9,"column":37}},"8":{"start":{"line":13,"column":4},"end":{"line":13,"column":16}},"9":{"start":{"line":17,"column":0},"end":{"line":17,"column":22}}},"fnMap":{"0":{"name":"(anonymous_0)","decl":{"start":{"line":1,"column":0},"end":{"line":1,"column":7}},"loc":{"start":{"line":1,"column":13},"end":{"line":15,"column":1}}},"1":{"name":"(anonymous_1)","decl":{"start":{"line":2,"column":25},"end":{"line":2,"column":26}},"loc":{"start":{"line":2,"column":110},"end":{"line":14,"column":3}}}},"branchMap":{"0":{"loc":{"start":{"line":2,"column":52},"end":{"line":2,"column":85}},"type":"default-arg","locations":[{"start":{"line":2,"column":83},"end":{"line":2,"column":85}}]},"1":{"loc":{"start":{"line":2,"column":87},"end":{"line":2,"column":106}},"type":"default-arg","locations":[{"start":{"line":2,"column":104},"end":{"line":2,"column":106}}]},"2":{"loc":{"start":{"line":4,"column":6},"end":{"line":11,"column":null}},"type":"if","locations":[{"start":{"line":4,"column":6},"end":{"line":11,"column":null}}]},"3":{"loc":{"start":{"line":6,"column":8},"end":{"line":10,"column":null}},"type":"if","locations":[{"start":{"line":6,"column":8},"end":{"line":10,"column":null}},{"start":{"line":8,"column":15},"end":{"line":10,"column":null}}]},"4":{"loc":{"start":{"line":1,"column":7},"end":{"line":1,"column":null}},"type":"binary-expr","locations":[{"start":{"line":1,"column":7},"end":{"line":1,"column":13}},{"start":{"line":1,"column":7},"end":{"line":1,"column":null}}]}},"s":{"0":2,"1":2,"2":14,"3":16,"4":16,"5":16,"6":8,"7":8,"8":14,"9":2},"f":{"0":2,"1":14},"b":{"0":[6],"1":[6],"2":[16],"3":[8,8],"4":[2,2]}}
}
