TN:
SF:src/carbon.ts
FN:12,(anonymous_13)
FN:17,(anonymous_14)
FN:19,(anonymous_16)
FN:23,(anonymous_17)
FN:33,(anonymous_19)
FN:38,(anonymous_20)
FN:43,(anonymous_21)
FN:52,(anonymous_22)
FNF:8
FNH:4
FNDA:7,(anonymous_13)
FNDA:3,(anonymous_14)
FNDA:0,(anonymous_16)
FNDA:3,(anonymous_17)
FNDA:0,(anonymous_19)
FNDA:0,(anonymous_20)
FNDA:0,(anonymous_21)
FNDA:1,(anonymous_22)
DA:1,3
DA:2,3
DA:5,3
DA:13,7
DA:14,7
DA:18,3
DA:19,3
DA:20,2
DA:24,3
DA:25,3
DA:27,0
DA:28,0
DA:29,0
DA:30,0
DA:31,0
DA:33,0
DA:34,0
DA:35,0
DA:38,0
DA:39,0
DA:40,0
DA:43,0
DA:44,0
DA:45,0
DA:49,0
DA:53,1
DA:54,0
LF:27
LH:11
BRDA:14,0,0,2
BRDA:14,0,1,5
BRDA:24,1,0,3
BRDA:24,2,0,3
BRDA:24,2,1,3
BRDA:28,3,0,0
BRDA:28,3,1,0
BRDA:29,4,0,0
BRDA:29,4,1,0
BRDA:44,5,0,0
BRDA:53,6,0,0
BRF:11
BRH:5
end_of_record
TN:
SF:src/graphite.ts
FN:8,(anonymous_1)
FN:19,(anonymous_2)
FN:32,(anonymous_3)
FNF:3
FNH:3
FNDA:4,(anonymous_1)
FNDA:1,(anonymous_2)
FNDA:1,(anonymous_3)
DA:1,2
DA:2,2
DA:5,2
DA:9,4
DA:20,1
DA:21,1
DA:22,1
DA:23,1
DA:24,1
DA:25,1
DA:26,1
DA:29,1
DA:33,1
LF:13
LH:13
BRDA:21,0,0,1
BRDA:21,0,1,0
BRDA:24,1,0,1
BRF:3
BRH:2
end_of_record
TN:
SF:src/index.d.ts
FNF:0
FNH:0
LF:0
LH:0
BRF:0
BRH:0
end_of_record
TN:
SF:src/index.ts
FN:1,(anonymous_1)
FN:2,(anonymous_2)
FN:3,(anonymous_3)
FNF:3
FNH:1
FNDA:0,(anonymous_1)
FNDA:0,(anonymous_2)
FNDA:5,(anonymous_3)
DA:1,1
DA:2,1
DA:3,6
LF:3
LH:3
BRF:0
BRH:0
end_of_record
TN:
SF:src/metric.ts
FN:1,(anonymous_0)
FN:2,(anonymous_1)
FNF:2
FNH:2
FNDA:2,(anonymous_0)
FNDA:14,(anonymous_1)
DA:1,2
DA:2,2
DA:3,14
DA:4,16
DA:5,16
DA:6,16
DA:7,8
DA:9,8
DA:13,14
DA:17,2
LF:10
LH:10
BRDA:2,0,0,6
BRDA:2,1,0,6
BRDA:4,2,0,16
BRDA:6,3,0,8
BRDA:6,3,1,8
BRDA:1,4,0,2
BRDA:1,4,1,2
BRF:7
BRH:7
end_of_record
